build/app/intermediates/manifest_merge_blame_file/debug/manifest-merger-blame-debug-report.txt
1<?xml version="1.0" encoding="utf-8"?>
2<manifest xmlns:android="http://schemas.android.com/apk/res/android"
3    package="com.example.cris_cake_app"
4    android:versionCode="1"
5    android:versionName="1.0.0" >
6
7    <uses-sdk
8        android:minSdkVersion="16"
9        android:targetSdkVersion="28" />
10    <!--
11         Flutter needs it to communicate with the running application
12         to allow setting breakpoints, to provide hot reload, etc.
13    -->
14    <uses-permission android:name="android.permission.INTERNET" />
14-->src/debug/AndroidManifest.xml:6:5-66
14-->src/debug/AndroidManifest.xml:6:22-64
15    <uses-permission android:name="android.permission.ACCESS_NETWORK_STATE" />
15-->[:firebase_analytics] AndroidManifest.xml:7:5-79
15-->[:firebase_analytics] AndroidManifest.xml:7:22-76
16    <uses-permission android:name="android.permission.WAKE_LOCK" />
16-->[:firebase_analytics] AndroidManifest.xml:9:5-68
16-->[:firebase_analytics] AndroidManifest.xml:9:22-65
17    <uses-permission android:name="com.google.android.finsky.permission.BIND_GET_INSTALL_REFERRER_SERVICE" /> <!-- Required by older versions of Google Play services to create IID tokens -->
17-->[com.google.android.gms:play-services-measurement:17.2.2] AndroidManifest.xml:26:5-110
17-->[com.google.android.gms:play-services-measurement:17.2.2] AndroidManifest.xml:26:22-107
18    <uses-permission android:name="com.google.android.c2dm.permission.RECEIVE" />
18-->[com.google.firebase:firebase-iid:20.0.2] AndroidManifest.xml:26:5-82
18-->[com.google.firebase:firebase-iid:20.0.2] AndroidManifest.xml:26:22-79
19    <!--
20 io.flutter.app.FlutterApplication is an android.app.Application that
21         calls FlutterMain.startInitialization(this); in its onCreate method.
22         In most cases you can leave this as-is, but you if you want to provide
23         additional functionality it is fine to subclass or reimplement
24         FlutterApplication and put your custom class here.
25    -->
26    <application
26-->src/main/AndroidManifest.xml:8:5-66:19
27        android:name="io.flutter.app.FlutterApplication"
27-->src/main/AndroidManifest.xml:9:9-57
28        android:appComponentFactory="androidx.core.app.CoreComponentFactory"
28-->[androidx.core:core:1.1.0] AndroidManifest.xml:24:18-86
29        android:debuggable="true"
30        android:icon="@mipmap/ic_launcher"
30-->src/main/AndroidManifest.xml:11:9-43
31        android:label="cris_cake_app"
31-->src/main/AndroidManifest.xml:10:9-38
32        android:supportsRtl="true" >
32-->[com.facebook.android:facebook-login:5.5.1] AndroidManifest.xml:28:18-44
33        <activity
33-->src/main/AndroidManifest.xml:12:9-40:20
34            android:name="com.example.cris_cake_app.MainActivity"
34-->src/main/AndroidManifest.xml:13:13-41
35            android:configChanges="orientation|keyboardHidden|keyboard|screenSize|smallestScreenSize|locale|layoutDirection|fontScale|screenLayout|density|uiMode"
35-->src/main/AndroidManifest.xml:16:13-163
36            android:hardwareAccelerated="true"
36-->src/main/AndroidManifest.xml:17:13-47
37            android:launchMode="singleTop"
37-->src/main/AndroidManifest.xml:14:13-43
38            android:theme="@style/LaunchTheme"
38-->src/main/AndroidManifest.xml:15:13-47
39            android:windowSoftInputMode="adjustResize" >
39-->src/main/AndroidManifest.xml:18:13-55
40
41            <!--
42                 Specifies an Android theme to apply to this Activity as soon as
43                 the Android process has started. This theme is visible to the user
44                 while the Flutter UI initializes. After that, this theme continues
45                 to determine the Window background behind the Flutter UI.
46            -->
47            <meta-data
47-->src/main/AndroidManifest.xml:23:13-26:17
48                android:name="io.flutter.embedding.android.NormalTheme"
48-->src/main/AndroidManifest.xml:24:15-70
49                android:resource="@style/NormalTheme" />
49-->src/main/AndroidManifest.xml:25:15-52
50            <!--
51                 Displays an Android View that continues showing the launch screen
52                 Drawable until Flutter paints its first frame, then this splash
53                 screen fades out. A splash screen is useful to avoid any visual
54                 gap between the end of Android's launch screen and the painting of
55                 Flutter's first frame.
56            -->
57            <meta-data
57-->src/main/AndroidManifest.xml:32:13-35:17
58                android:name="io.flutter.embedding.android.SplashScreenDrawable"
58-->src/main/AndroidManifest.xml:33:15-79
59                android:resource="@drawable/launch_background" />
59-->src/main/AndroidManifest.xml:34:15-61
60
61            <intent-filter>
61-->src/main/AndroidManifest.xml:36:13-39:29
62                <action android:name="android.intent.action.MAIN" />
62-->src/main/AndroidManifest.xml:37:17-68
62-->src/main/AndroidManifest.xml:37:25-66
63
64                <category android:name="android.intent.category.LAUNCHER" />
64-->src/main/AndroidManifest.xml:38:17-76
64-->src/main/AndroidManifest.xml:38:27-74
65            </intent-filter>
66        </activity>
67
68        <meta-data
68-->src/main/AndroidManifest.xml:42:9-43:54
69            android:name="com.facebook.sdk.ApplicationId"
69-->src/main/AndroidManifest.xml:42:20-65
70            android:value="@string/facebook_app_id" />
70-->src/main/AndroidManifest.xml:43:13-52
71
72        <activity
72-->src/main/AndroidManifest.xml:45:9-48:48
73            android:name="com.facebook.FacebookActivity"
73-->src/main/AndroidManifest.xml:45:19-63
74            android:configChanges="keyboard|keyboardHidden|screenLayout|screenSize|orientation"
74-->src/main/AndroidManifest.xml:46:13-117
75            android:label="@string/app_name"
75-->src/main/AndroidManifest.xml:48:13-45
76            android:theme="@style/com_facebook_activity_theme" />
76-->[com.facebook.android:facebook-common:5.5.1] AndroidManifest.xml:32:13-63
77        <activity
77-->src/main/AndroidManifest.xml:50:9-59:20
78            android:name="com.facebook.CustomTabActivity"
78-->src/main/AndroidManifest.xml:51:13-58
79            android:exported="true" >
79-->src/main/AndroidManifest.xml:52:13-36
80            <intent-filter>
80-->src/main/AndroidManifest.xml:53:13-58:29
81                <action android:name="android.intent.action.VIEW" />
81-->src/main/AndroidManifest.xml:54:17-69
81-->src/main/AndroidManifest.xml:54:25-66
82
83                <category android:name="android.intent.category.DEFAULT" />
83-->src/main/AndroidManifest.xml:55:17-76
83-->src/main/AndroidManifest.xml:55:27-73
84                <category android:name="android.intent.category.BROWSABLE" />
84-->src/main/AndroidManifest.xml:56:17-78
84-->src/main/AndroidManifest.xml:56:27-75
85
86                <data android:scheme="@string/fb_login_protocol_scheme" />
86-->src/main/AndroidManifest.xml:57:17-75
86-->src/main/AndroidManifest.xml:57:23-72
87            </intent-filter>
88        </activity>
89
90        <!--
91             Don't delete the meta-data below.
92             This is used by the Flutter tool to generate GeneratedPluginRegistrant.java
93        -->
94        <meta-data
94-->src/main/AndroidManifest.xml:63:9-65:33
95            android:name="flutterEmbedding"
95-->src/main/AndroidManifest.xml:64:13-44
96            android:value="2" />
96-->src/main/AndroidManifest.xml:65:13-30
97
98        <service
98-->[:firebase_analytics] AndroidManifest.xml:12:9-16:19
99            android:name="com.google.firebase.components.ComponentDiscoveryService"
99-->[:firebase_analytics] AndroidManifest.xml:12:18-89
100            android:directBootAware="true"
100-->[com.google.firebase:firebase-common:19.3.0] AndroidManifest.xml:34:13-43
101            android:exported="false" >
101-->[com.google.firebase:firebase-auth:19.2.0] AndroidManifest.xml:35:13-37
102            <meta-data
102-->[:firebase_analytics] AndroidManifest.xml:13:13-15:85
103                android:name="com.google.firebase.components:io.flutter.plugins.firebaseanalytics.FlutterFirebaseAppRegistrar"
103-->[:firebase_analytics] AndroidManifest.xml:14:17-127
104                android:value="com.google.firebase.components.ComponentRegistrar" />
104-->[:firebase_analytics] AndroidManifest.xml:15:17-82
105            <meta-data
105-->[:firebase_auth] AndroidManifest.xml:9:13-11:85
106                android:name="com.google.firebase.components:io.flutter.plugins.firebaseauth.FlutterFirebaseAppRegistrar"
106-->[:firebase_auth] AndroidManifest.xml:10:17-122
107                android:value="com.google.firebase.components.ComponentRegistrar" />
107-->[:firebase_auth] AndroidManifest.xml:11:17-82
108            <meta-data
108-->[:firebase_database] AndroidManifest.xml:9:13-11:85
109                android:name="com.google.firebase.components:io.flutter.plugins.firebase.database.FlutterFirebaseAppRegistrar"
109-->[:firebase_database] AndroidManifest.xml:10:17-127
110                android:value="com.google.firebase.components.ComponentRegistrar" />
110-->[:firebase_database] AndroidManifest.xml:11:17-82
111            <meta-data
111-->[:firebase_core] AndroidManifest.xml:9:13-11:85
112                android:name="com.google.firebase.components:io.flutter.plugins.firebase.core.FlutterFirebaseAppRegistrar"
112-->[:firebase_core] AndroidManifest.xml:10:17-123
113                android:value="com.google.firebase.components.ComponentRegistrar" />
113-->[:firebase_core] AndroidManifest.xml:11:17-82
114            <meta-data
114-->[com.google.firebase:firebase-auth:19.2.0] AndroidManifest.xml:36:13-38:85
115                android:name="com.google.firebase.components:com.google.firebase.auth.FirebaseAuthRegistrar"
115-->[com.google.firebase:firebase-auth:19.2.0] AndroidManifest.xml:37:17-109
116                android:value="com.google.firebase.components.ComponentRegistrar" />
116-->[com.google.firebase:firebase-auth:19.2.0] AndroidManifest.xml:38:17-82
117            <meta-data
117-->[com.google.android.gms:play-services-measurement-api:17.2.2] AndroidManifest.xml:30:13-32:85
118                android:name="com.google.firebase.components:com.google.firebase.analytics.connector.internal.AnalyticsConnectorRegistrar"
118-->[com.google.android.gms:play-services-measurement-api:17.2.2] AndroidManifest.xml:31:17-139
119                android:value="com.google.firebase.components.ComponentRegistrar" />
119-->[com.google.android.gms:play-services-measurement-api:17.2.2] AndroidManifest.xml:32:17-82
120            <meta-data
120-->[com.google.firebase:firebase-database:17.0.0] AndroidManifest.xml:30:13-32:85
121                android:name="com.google.firebase.components:com.google.firebase.database.DatabaseRegistrar"
121-->[com.google.firebase:firebase-database:17.0.0] AndroidManifest.xml:31:17-109
122                android:value="com.google.firebase.components.ComponentRegistrar" />
122-->[com.google.firebase:firebase-database:17.0.0] AndroidManifest.xml:32:17-82
123            <meta-data
123-->[com.google.firebase:firebase-iid:20.0.2] AndroidManifest.xml:32:13-34:85
124                android:name="com.google.firebase.components:com.google.firebase.iid.Registrar"
124-->[com.google.firebase:firebase-iid:20.0.2] AndroidManifest.xml:33:17-96
125                android:value="com.google.firebase.components.ComponentRegistrar" />
125-->[com.google.firebase:firebase-iid:20.0.2] AndroidManifest.xml:34:17-82
126        </service>
127
128        <activity
128-->[com.google.firebase:firebase-auth:19.2.0] AndroidManifest.xml:24:9-31:50
129            android:name="com.google.firebase.auth.internal.FederatedSignInActivity"
129-->[com.google.firebase:firebase-auth:19.2.0] AndroidManifest.xml:25:13-85
130            android:excludeFromRecents="true"
130-->[com.google.firebase:firebase-auth:19.2.0] AndroidManifest.xml:26:13-46
131            android:exported="true"
131-->[com.google.firebase:firebase-auth:19.2.0] AndroidManifest.xml:27:13-36
132            android:launchMode="singleTask"
132-->[com.google.firebase:firebase-auth:19.2.0] AndroidManifest.xml:28:13-44
133            android:permission="com.google.firebase.auth.api.gms.permission.LAUNCH_FEDERATED_SIGN_IN"
133-->[com.google.firebase:firebase-auth:19.2.0] AndroidManifest.xml:29:13-102
134            android:theme="@android:style/Theme.Translucent.NoTitleBar" />
134-->[com.google.firebase:firebase-auth:19.2.0] AndroidManifest.xml:30:13-72
135
136        <receiver
136-->[com.google.android.gms:play-services-measurement:17.2.2] AndroidManifest.xml:29:9-33:20
137            android:name="com.google.android.gms.measurement.AppMeasurementReceiver"
137-->[com.google.android.gms:play-services-measurement:17.2.2] AndroidManifest.xml:30:13-85
138            android:enabled="true"
138-->[com.google.android.gms:play-services-measurement:17.2.2] AndroidManifest.xml:31:13-35
139            android:exported="false" >
139-->[com.google.android.gms:play-services-measurement:17.2.2] AndroidManifest.xml:32:13-37
140        </receiver>
141        <receiver
141-->[com.google.android.gms:play-services-measurement:17.2.2] AndroidManifest.xml:34:9-42:20
142            android:name="com.google.android.gms.measurement.AppMeasurementInstallReferrerReceiver"
142-->[com.google.android.gms:play-services-measurement:17.2.2] AndroidManifest.xml:35:13-100
143            android:enabled="true"
143-->[com.google.android.gms:play-services-measurement:17.2.2] AndroidManifest.xml:36:13-35
144            android:exported="true"
144-->[com.google.android.gms:play-services-measurement:17.2.2] AndroidManifest.xml:37:13-36
145            android:permission="android.permission.INSTALL_PACKAGES" >
145-->[com.google.android.gms:play-services-measurement:17.2.2] AndroidManifest.xml:38:13-69
146            <intent-filter>
146-->[com.google.android.gms:play-services-measurement:17.2.2] AndroidManifest.xml:39:13-41:29
147                <action android:name="com.android.vending.INSTALL_REFERRER" />
147-->[com.google.android.gms:play-services-measurement:17.2.2] AndroidManifest.xml:40:17-79
147-->[com.google.android.gms:play-services-measurement:17.2.2] AndroidManifest.xml:40:25-76
148            </intent-filter>
149        </receiver>
150
151        <service
151-->[com.google.android.gms:play-services-measurement:17.2.2] AndroidManifest.xml:44:9-47:40
152            android:name="com.google.android.gms.measurement.AppMeasurementService"
152-->[com.google.android.gms:play-services-measurement:17.2.2] AndroidManifest.xml:45:13-84
153            android:enabled="true"
153-->[com.google.android.gms:play-services-measurement:17.2.2] AndroidManifest.xml:46:13-35
154            android:exported="false" />
154-->[com.google.android.gms:play-services-measurement:17.2.2] AndroidManifest.xml:47:13-37
155        <service
155-->[com.google.android.gms:play-services-measurement:17.2.2] AndroidManifest.xml:48:9-52:72
156            android:name="com.google.android.gms.measurement.AppMeasurementJobService"
156-->[com.google.android.gms:play-services-measurement:17.2.2] AndroidManifest.xml:49:13-87
157            android:enabled="true"
157-->[com.google.android.gms:play-services-measurement:17.2.2] AndroidManifest.xml:50:13-35
158            android:exported="false"
158-->[com.google.android.gms:play-services-measurement:17.2.2] AndroidManifest.xml:51:13-37
159            android:permission="android.permission.BIND_JOB_SERVICE" />
159-->[com.google.android.gms:play-services-measurement:17.2.2] AndroidManifest.xml:52:13-69
160
161        <receiver
161-->[com.google.firebase:firebase-iid:20.0.2] AndroidManifest.xml:37:9-44:20
162            android:name="com.google.firebase.iid.FirebaseInstanceIdReceiver"
162-->[com.google.firebase:firebase-iid:20.0.2] AndroidManifest.xml:38:13-78
163            android:exported="true"
163-->[com.google.firebase:firebase-iid:20.0.2] AndroidManifest.xml:39:13-36
164            android:permission="com.google.android.c2dm.permission.SEND" >
164-->[com.google.firebase:firebase-iid:20.0.2] AndroidManifest.xml:40:13-73
165            <intent-filter>
165-->[com.google.firebase:firebase-iid:20.0.2] AndroidManifest.xml:41:13-43:29
166                <action android:name="com.google.android.c2dm.intent.RECEIVE" />
166-->[com.google.firebase:firebase-iid:20.0.2] AndroidManifest.xml:42:17-81
166-->[com.google.firebase:firebase-iid:20.0.2] AndroidManifest.xml:42:25-78
167            </intent-filter>
168        </receiver>
169
170        <provider
170-->[com.google.firebase:firebase-common:19.3.0] AndroidManifest.xml:26:9-30:39
171            android:name="com.google.firebase.provider.FirebaseInitProvider"
171-->[com.google.firebase:firebase-common:19.3.0] AndroidManifest.xml:27:13-77
172            android:authorities="com.example.cris_cake_app.firebaseinitprovider"
172-->[com.google.firebase:firebase-common:19.3.0] AndroidManifest.xml:28:13-72
173            android:exported="false"
173-->[com.google.firebase:firebase-common:19.3.0] AndroidManifest.xml:29:13-37
174            android:initOrder="100" />
174-->[com.google.firebase:firebase-common:19.3.0] AndroidManifest.xml:30:13-36
175
176        <activity
176-->[com.google.android.gms:play-services-auth:16.0.1] AndroidManifest.xml:23:9-27:75
177            android:name="com.google.android.gms.auth.api.signin.internal.SignInHubActivity"
177-->[com.google.android.gms:play-services-auth:16.0.1] AndroidManifest.xml:24:13-93
178            android:excludeFromRecents="true"
178-->[com.google.android.gms:play-services-auth:16.0.1] AndroidManifest.xml:25:13-46
179            android:exported="false"
179-->[com.google.android.gms:play-services-auth:16.0.1] AndroidManifest.xml:26:13-37
180            android:theme="@android:style/Theme.Translucent.NoTitleBar" />
180-->[com.google.android.gms:play-services-auth:16.0.1] AndroidManifest.xml:27:13-72
181        <!--
182            Service handling Google Sign-In user revocation. For apps that do not integrate with
183            Google Sign-In, this service will never be started.
184        -->
185        <service
185-->[com.google.android.gms:play-services-auth:16.0.1] AndroidManifest.xml:33:9-36:110
186            android:name="com.google.android.gms.auth.api.signin.RevocationBoundService"
186-->[com.google.android.gms:play-services-auth:16.0.1] AndroidManifest.xml:34:13-89
187            android:exported="true"
187-->[com.google.android.gms:play-services-auth:16.0.1] AndroidManifest.xml:35:13-36
188            android:permission="com.google.android.gms.auth.api.signin.permission.REVOCATION_NOTIFICATION" />
188-->[com.google.android.gms:play-services-auth:16.0.1] AndroidManifest.xml:36:13-107
189
190        <activity
190-->[com.google.android.gms:play-services-base:17.1.0] AndroidManifest.xml:23:9-26:75
191            android:name="com.google.android.gms.common.api.GoogleApiActivity"
191-->[com.google.android.gms:play-services-base:17.1.0] AndroidManifest.xml:24:13-79
192            android:exported="false"
192-->[com.google.android.gms:play-services-base:17.1.0] AndroidManifest.xml:25:13-37
193            android:theme="@android:style/Theme.Translucent.NoTitleBar" />
193-->[com.google.android.gms:play-services-base:17.1.0] AndroidManifest.xml:26:13-72
194
195        <meta-data
195-->[com.google.android.gms:play-services-basement:17.0.0] AndroidManifest.xml:23:9-25:69
196            android:name="com.google.android.gms.version"
196-->[com.google.android.gms:play-services-basement:17.0.0] AndroidManifest.xml:24:13-58
197            android:value="@integer/google_play_services_version" />
197-->[com.google.android.gms:play-services-basement:17.0.0] AndroidManifest.xml:25:13-66
198
199        <activity android:name="com.facebook.CustomTabMainActivity" />
199-->[com.facebook.android:facebook-common:5.5.1] AndroidManifest.xml:33:9-71
199-->[com.facebook.android:facebook-common:5.5.1] AndroidManifest.xml:33:19-68
200        <!--
201         The initialization ContentProvider will call FacebookSdk.sdkInitialize automatically
202         with the application context. This config is merged in with the host app's manifest,
203         but there can only be one provider with the same authority activated at any given
204         point; so if the end user has two or more different apps that use Facebook SDK, only the
205         first one will be able to use the provider. To work around this problem, we use the
206         following placeholder in the authority to identify each host application as if it was
207         a completely different provider.
208        -->
209        <provider
209-->[com.facebook.android:facebook-core:5.5.1] AndroidManifest.xml:39:9-42:40
210            android:name="com.facebook.internal.FacebookInitProvider"
210-->[com.facebook.android:facebook-core:5.5.1] AndroidManifest.xml:40:13-70
211            android:authorities="com.example.cris_cake_app.FacebookInitProvider"
211-->[com.facebook.android:facebook-core:5.5.1] AndroidManifest.xml:41:13-72
212            android:exported="false" />
212-->[com.facebook.android:facebook-core:5.5.1] AndroidManifest.xml:42:13-37
213
214        <receiver
214-->[com.facebook.android:facebook-core:5.5.1] AndroidManifest.xml:44:9-50:20
215            android:name="com.facebook.CurrentAccessTokenExpirationBroadcastReceiver"
215-->[com.facebook.android:facebook-core:5.5.1] AndroidManifest.xml:45:13-86
216            android:exported="false" >
216-->[com.facebook.android:facebook-core:5.5.1] AndroidManifest.xml:46:13-37
217            <intent-filter>
217-->[com.facebook.android:facebook-core:5.5.1] AndroidManifest.xml:47:13-49:29
218                <action android:name="com.facebook.sdk.ACTION_CURRENT_ACCESS_TOKEN_CHANGED" />
218-->[com.facebook.android:facebook-core:5.5.1] AndroidManifest.xml:48:17-95
218-->[com.facebook.android:facebook-core:5.5.1] AndroidManifest.xml:48:25-92
219            </intent-filter>
220        </receiver>
221        <receiver
221-->[com.facebook.android:facebook-core:5.5.1] AndroidManifest.xml:51:9-58:20
222            android:name="com.facebook.CampaignTrackingReceiver"
222-->[com.facebook.android:facebook-core:5.5.1] AndroidManifest.xml:52:13-65
223            android:exported="true"
223-->[com.facebook.android:facebook-core:5.5.1] AndroidManifest.xml:53:13-36
224            android:permission="android.permission.INSTALL_PACKAGES" >
224-->[com.facebook.android:facebook-core:5.5.1] AndroidManifest.xml:54:13-69
225            <intent-filter>
225-->[com.google.android.gms:play-services-measurement:17.2.2] AndroidManifest.xml:39:13-41:29
226                <action android:name="com.android.vending.INSTALL_REFERRER" />
226-->[com.google.android.gms:play-services-measurement:17.2.2] AndroidManifest.xml:40:17-79
226-->[com.google.android.gms:play-services-measurement:17.2.2] AndroidManifest.xml:40:25-76
227            </intent-filter>
228        </receiver>
229    </application>
230
231</manifest>